------------------------------------------------------------
Server listening on UDP port 5566
Receiving 1470 byte datagrams
UDP buffer size:  208 KByte (default)
------------------------------------------------------------
[ 17] local 10.0.0.3 port 5566 connected with 10.0.0.4 port 43915
[ ID] Interval       Transfer     Bandwidth        Jitter   Lost/Total Datagrams
[ 17]  0.0- 1.0 sec  1.14 MBytes  9.57 Mbits/sec   0.083 ms    0/  814 (0%)
[ 17]  1.0- 2.0 sec  1.15 MBytes  9.65 Mbits/sec   0.247 ms    0/  821 (0%)
[ 17]  2.0- 3.0 sec  1.14 MBytes  9.58 Mbits/sec   0.107 ms    0/  815 (0%)
[ 17]  3.0- 4.0 sec  1.15 MBytes  9.68 Mbits/sec   0.183 ms   27/  850 (3.2%)
[ 17]  4.0- 5.0 sec  1.15 MBytes  9.68 Mbits/sec   0.802 ms   28/  851 (3.3%)
[ 17]  5.0- 6.0 sec  1.15 MBytes  9.63 Mbits/sec   0.122 ms   31/  850 (3.6%)
[ 17]  6.0- 7.0 sec  1.12 MBytes  9.40 Mbits/sec   0.442 ms   48/  847 (5.7%)
[ 17]  7.0- 8.0 sec  1.14 MBytes  9.57 Mbits/sec   0.269 ms   29/  843 (3.4%)
[ 17]  8.0- 9.0 sec  1.14 MBytes  9.55 Mbits/sec   0.398 ms   49/  861 (5.7%)
[ 17]  9.0-10.0 sec  1.15 MBytes  9.63 Mbits/sec   0.134 ms   33/  852 (3.9%)
[ 17] 10.0-11.0 sec  1.15 MBytes  9.64 Mbits/sec   0.180 ms   23/  843 (2.7%)
[ 17] 11.0-12.0 sec  1.15 MBytes  9.63 Mbits/sec   0.346 ms   30/  849 (3.5%)
[ 17] 12.0-13.0 sec  1.15 MBytes  9.64 Mbits/sec   0.206 ms   38/  858 (4.4%)
[ 17] 13.0-14.0 sec  1.15 MBytes  9.65 Mbits/sec   0.280 ms   24/  845 (2.8%)
[ 17] 14.0-15.0 sec  1.15 MBytes  9.64 Mbits/sec   0.311 ms   34/  854 (4%)
[ 17] 15.0-16.0 sec  1.15 MBytes  9.68 Mbits/sec   0.327 ms   25/  848 (2.9%)
[ 17] 16.0-17.0 sec  1.16 MBytes  9.69 Mbits/sec   0.495 ms   29/  853 (3.4%)
[ 17] 17.0-18.0 sec  1.15 MBytes  9.64 Mbits/sec   0.270 ms   30/  850 (3.5%)
[ 17] 18.0-19.0 sec  1.15 MBytes  9.68 Mbits/sec   0.278 ms   28/  851 (3.3%)
[ 17] 19.0-20.0 sec  1.15 MBytes  9.62 Mbits/sec   0.289 ms   34/  852 (4%)
[ 17] 20.0-21.0 sec  1.12 MBytes  9.41 Mbits/sec   0.221 ms   40/  840 (4.8%)
[ 17] 21.0-22.0 sec  1.15 MBytes  9.61 Mbits/sec   0.145 ms   43/  860 (5%)
[ 17] 22.0-23.0 sec  1.15 MBytes  9.68 Mbits/sec   0.287 ms   27/  850 (3.2%)
[ 17] 23.0-24.0 sec  1.15 MBytes  9.64 Mbits/sec   0.150 ms   29/  849 (3.4%)
[ 17] 24.0-25.0 sec  1.15 MBytes  9.63 Mbits/sec   0.174 ms   32/  851 (3.8%)
[ 17]  0.0-25.1 sec  28.8 MBytes  9.62 Mbits/sec   0.326 ms  714/21259 (3.4%)
[ 17]  0.0-25.1 sec  1 datagrams received out-of-order
