------------------------------------------------------------
Server listening on UDP port 5566
Receiving 1470 byte datagrams
UDP buffer size:  208 KByte (default)
------------------------------------------------------------
[ 13] local 10.0.0.2 port 5566 connected with 10.0.0.1 port 52768
[ ID] Interval       Transfer     Bandwidth        Jitter   Lost/Total Datagrams
[ 13]  0.0- 1.0 sec   936 KBytes  7.67 Mbits/sec   0.116 ms   97/  749 (13%)
[ 13]  1.0- 2.0 sec  1.14 MBytes  9.56 Mbits/sec   0.142 ms   42/  855 (4.9%)
[ 13]  2.0- 3.0 sec  1.15 MBytes  9.64 Mbits/sec   0.231 ms   31/  851 (3.6%)
[ 13]  3.0- 4.0 sec  1.14 MBytes  9.60 Mbits/sec   0.446 ms   35/  851 (4.1%)
[ 13]  4.0- 5.0 sec  1.15 MBytes  9.63 Mbits/sec   0.185 ms   30/  849 (3.5%)
[ 13]  5.0- 6.0 sec  1.14 MBytes  9.57 Mbits/sec   0.338 ms   36/  850 (4.2%)
[ 13]  6.0- 7.0 sec  1.14 MBytes  9.55 Mbits/sec   0.315 ms   40/  852 (4.7%)
[ 13]  7.0- 8.0 sec  1.14 MBytes  9.57 Mbits/sec   0.402 ms   36/  850 (4.2%)
[ 13]  8.0- 9.0 sec  1.14 MBytes  9.55 Mbits/sec   0.300 ms   38/  850 (4.5%)
[ 13]  9.0-10.0 sec  1.14 MBytes  9.60 Mbits/sec   0.195 ms   35/  851 (4.1%)
[ 13] 10.0-11.0 sec  1.14 MBytes  9.55 Mbits/sec   0.269 ms   39/  851 (4.6%)
[ 13] 11.0-12.0 sec  1.13 MBytes  9.44 Mbits/sec   0.216 ms   46/  849 (5.4%)
[ 13] 12.0-13.0 sec  1.14 MBytes  9.57 Mbits/sec   0.261 ms   35/  849 (4.1%)
[ 13] 13.0-14.0 sec  1.14 MBytes  9.58 Mbits/sec   0.370 ms   36/  851 (4.2%)
[ 13] 14.0-15.0 sec  1.14 MBytes  9.60 Mbits/sec   0.408 ms   36/  852 (4.2%)
[ 13] 15.0-16.0 sec  1.14 MBytes  9.56 Mbits/sec   0.419 ms   34/  847 (4%)
[ 13] 16.0-17.0 sec  1.14 MBytes  9.56 Mbits/sec   0.420 ms   40/  853 (4.7%)
[ 13] 17.0-18.0 sec  1.14 MBytes  9.54 Mbits/sec   0.358 ms   39/  850 (4.6%)
[ 13] 18.0-19.0 sec  1.13 MBytes  9.44 Mbits/sec   0.332 ms   49/  852 (5.8%)
[ 13] 19.0-20.0 sec  1.15 MBytes  9.63 Mbits/sec   0.235 ms   30/  849 (3.5%)
[ 13] 20.0-21.0 sec  1.14 MBytes  9.56 Mbits/sec   0.143 ms   38/  851 (4.5%)
[ 13] 21.0-22.0 sec  1.14 MBytes  9.53 Mbits/sec   0.267 ms   40/  850 (4.7%)
[ 13] 22.0-23.0 sec  1.12 MBytes  9.42 Mbits/sec   0.429 ms   50/  851 (5.9%)
[ 13] 23.0-24.0 sec  1.14 MBytes  9.60 Mbits/sec   0.432 ms   33/  849 (3.9%)
[ 13] 24.0-25.0 sec  1.13 MBytes  9.50 Mbits/sec   0.273 ms   42/  850 (4.9%)
[ 13]  0.0-25.1 sec  28.4 MBytes  9.48 Mbits/sec   0.594 ms 1011/21259 (4.8%)
[ 13]  0.0-25.1 sec  1 datagrams received out-of-order
