------------------------------------------------------------
Server listening on UDP port 5566
Receiving 1470 byte datagrams
UDP buffer size:  208 KByte (default)
------------------------------------------------------------
[ 13] local 10.0.0.2 port 5566 connected with 10.0.0.1 port 34842
[ ID] Interval       Transfer     Bandwidth        Jitter   Lost/Total Datagrams
[ 13]  0.0- 1.0 sec  1.11 MBytes  9.28 Mbits/sec   0.239 ms   49/  838 (5.8%)
[ 13]  1.0- 2.0 sec  1.14 MBytes  9.57 Mbits/sec   0.326 ms   37/  851 (4.3%)
[ 13]  2.0- 3.0 sec  1.14 MBytes  9.54 Mbits/sec   0.454 ms   38/  849 (4.5%)
[ 13]  3.0- 4.0 sec  1.13 MBytes  9.50 Mbits/sec   0.301 ms   43/  851 (5.1%)
[ 13]  4.0- 5.0 sec  1.14 MBytes  9.54 Mbits/sec   0.652 ms   39/  850 (4.6%)
[ 13]  5.0- 6.0 sec  1.14 MBytes  9.54 Mbits/sec   0.307 ms   40/  851 (4.7%)
[ 13]  6.0- 7.0 sec  1.13 MBytes  9.46 Mbits/sec   0.286 ms   46/  850 (5.4%)
[ 13]  7.0- 8.0 sec  1.12 MBytes  9.36 Mbits/sec   0.382 ms   55/  851 (6.5%)
[ 13]  8.0- 9.0 sec  1.13 MBytes  9.49 Mbits/sec   0.243 ms   43/  850 (5.1%)
[ 13]  9.0-10.0 sec  1.12 MBytes  9.43 Mbits/sec   0.309 ms   48/  850 (5.6%)
[ 13] 10.0-11.0 sec  1.14 MBytes  9.56 Mbits/sec   0.265 ms   37/  850 (4.4%)
[ 13] 11.0-12.0 sec  1.15 MBytes  9.63 Mbits/sec   0.411 ms   32/  851 (3.8%)
[ 13] 12.0-13.0 sec  1.13 MBytes  9.47 Mbits/sec   0.267 ms   45/  850 (5.3%)
[ 13] 13.0-14.0 sec  1.14 MBytes  9.53 Mbits/sec   0.320 ms   40/  850 (4.7%)
[ 13] 14.0-15.0 sec  1.14 MBytes  9.60 Mbits/sec   0.469 ms   35/  851 (4.1%)
[ 13] 15.0-16.0 sec  1.16 MBytes  9.70 Mbits/sec   0.376 ms   26/  851 (3.1%)
[ 13] 16.0-17.0 sec  1.13 MBytes  9.49 Mbits/sec   0.357 ms   43/  850 (5.1%)
[ 13] 17.0-18.0 sec  1.15 MBytes  9.64 Mbits/sec   0.213 ms   31/  851 (3.6%)
[ 13] 18.0-19.0 sec  1.14 MBytes  9.56 Mbits/sec   0.347 ms   37/  850 (4.4%)
[ 13] 19.0-20.0 sec  1.15 MBytes  9.61 Mbits/sec   0.459 ms   33/  850 (3.9%)
[ 13] 20.0-21.0 sec  1.13 MBytes  9.48 Mbits/sec   0.317 ms   44/  850 (5.2%)
[ 13] 21.0-22.0 sec  1.14 MBytes  9.57 Mbits/sec   0.309 ms   36/  850 (4.2%)
[ 13] 22.0-23.0 sec  1.14 MBytes  9.55 Mbits/sec   0.207 ms   39/  851 (4.6%)
[ 13] 23.0-24.0 sec  1.14 MBytes  9.56 Mbits/sec   0.304 ms   37/  850 (4.4%)
[ 13] 24.0-25.0 sec  1.14 MBytes  9.55 Mbits/sec   0.195 ms   38/  850 (4.5%)
[ 13]  0.0-25.0 sec  28.4 MBytes  9.53 Mbits/sec   0.362 ms  990/21259 (4.7%)
[ 13]  0.0-25.0 sec  1 datagrams received out-of-order
