------------------------------------------------------------
Server listening on UDP port 5566
Receiving 1470 byte datagrams
UDP buffer size:  208 KByte (default)
------------------------------------------------------------
[ 13] local 10.0.0.2 port 5566 connected with 10.0.0.1 port 35732
[ ID] Interval       Transfer     Bandwidth        Jitter   Lost/Total Datagrams
[ 13]  0.0- 1.0 sec   955 KBytes  7.82 Mbits/sec   0.440 ms   96/  761 (13%)
[ 13]  1.0- 2.0 sec  1.15 MBytes  9.67 Mbits/sec   0.203 ms   28/  850 (3.3%)
[ 13]  2.0- 3.0 sec  1.15 MBytes  9.61 Mbits/sec   0.356 ms   34/  851 (4%)
[ 13]  3.0- 4.0 sec  1.15 MBytes  9.62 Mbits/sec   0.206 ms   32/  850 (3.8%)
[ 13]  4.0- 5.0 sec  1.14 MBytes  9.56 Mbits/sec   0.463 ms   37/  850 (4.4%)
[ 13]  5.0- 6.0 sec  1.15 MBytes  9.64 Mbits/sec   0.219 ms   31/  851 (3.6%)
[ 13]  6.0- 7.0 sec  1.13 MBytes  9.50 Mbits/sec   0.156 ms   42/  850 (4.9%)
[ 13]  7.0- 8.0 sec  1.14 MBytes  9.60 Mbits/sec   0.310 ms   35/  851 (4.1%)
[ 13]  8.0- 9.0 sec  1.14 MBytes  9.56 Mbits/sec   0.269 ms   36/  849 (4.2%)
[ 13]  9.0-10.0 sec  1.13 MBytes  9.51 Mbits/sec   0.317 ms   42/  851 (4.9%)
[ 13] 10.0-11.0 sec  1.14 MBytes  9.58 Mbits/sec   0.292 ms   34/  849 (4%)
[ 13] 11.0-12.0 sec  1.14 MBytes  9.53 Mbits/sec   0.346 ms   42/  852 (4.9%)
[ 13] 12.0-13.0 sec  1.15 MBytes  9.65 Mbits/sec   0.323 ms   29/  850 (3.4%)
[ 13] 13.0-14.0 sec  1.14 MBytes  9.54 Mbits/sec   0.338 ms   40/  851 (4.7%)
[ 13] 14.0-15.0 sec  1.14 MBytes  9.60 Mbits/sec   0.225 ms   34/  850 (4%)
[ 13] 15.0-16.0 sec  1.14 MBytes  9.56 Mbits/sec   0.314 ms   37/  850 (4.4%)
[ 13] 16.0-17.0 sec  1.15 MBytes  9.62 Mbits/sec   0.264 ms   33/  851 (3.9%)
[ 13] 17.0-18.0 sec  1.14 MBytes  9.58 Mbits/sec   0.214 ms   36/  851 (4.2%)
[ 13] 18.0-19.0 sec  1.14 MBytes  9.58 Mbits/sec   0.126 ms   34/  849 (4%)
[ 13] 19.0-20.0 sec  1.15 MBytes  9.64 Mbits/sec   0.236 ms   31/  851 (3.6%)
[ 13] 20.0-21.0 sec  1.15 MBytes  9.62 Mbits/sec   0.116 ms   33/  851 (3.9%)
[ 13] 21.0-22.0 sec  1.14 MBytes  9.60 Mbits/sec   0.153 ms   33/  849 (3.9%)
[ 13] 22.0-23.0 sec  1.15 MBytes  9.62 Mbits/sec   0.233 ms   33/  851 (3.9%)
[ 13] 23.0-24.0 sec  1.15 MBytes  9.62 Mbits/sec   0.133 ms   32/  850 (3.8%)
[ 13] 24.0-25.0 sec  1.13 MBytes  9.49 Mbits/sec   0.379 ms   43/  850 (5.1%)
[ 13]  0.0-25.1 sec  28.5 MBytes  9.52 Mbits/sec   0.488 ms  940/21260 (4.4%)
