------------------------------------------------------------
Server listening on UDP port 5566
Receiving 1470 byte datagrams
UDP buffer size:  208 KByte (default)
------------------------------------------------------------
[ 13] local 10.0.0.2 port 5566 connected with 10.0.0.1 port 52629
[ ID] Interval       Transfer     Bandwidth        Jitter   Lost/Total Datagrams
[ 13]  0.0- 1.0 sec  1.04 MBytes  8.69 Mbits/sec   0.716 ms  121/  860 (14%)
[ 13]  1.0- 2.0 sec  1.09 MBytes  9.13 Mbits/sec   0.461 ms   74/  850 (8.7%)
[ 13]  2.0- 3.0 sec  1.06 MBytes  8.93 Mbits/sec   0.161 ms   91/  850 (11%)
[ 13]  3.0- 4.0 sec  1.09 MBytes  9.18 Mbits/sec   0.204 ms   70/  851 (8.2%)
[ 13]  4.0- 5.0 sec  1.07 MBytes  9.01 Mbits/sec   0.176 ms   85/  851 (10%)
[ 13]  5.0- 6.0 sec  1.10 MBytes  9.21 Mbits/sec   0.336 ms   67/  850 (7.9%)
[ 13]  6.0- 7.0 sec  1.10 MBytes  9.22 Mbits/sec   0.266 ms   67/  851 (7.9%)
[ 13]  7.0- 8.0 sec   966 KBytes  7.91 Mbits/sec   0.291 ms  174/  847 (21%)
[ 13]  8.0- 9.0 sec  1.07 MBytes  8.97 Mbits/sec   0.300 ms   90/  853 (11%)
[ 13]  9.0-10.0 sec  1.10 MBytes  9.26 Mbits/sec   0.164 ms   64/  851 (7.5%)
[ 13] 10.0-11.0 sec  1.07 MBytes  9.01 Mbits/sec   0.187 ms   85/  851 (10%)
[ 13] 11.0-12.0 sec  1.08 MBytes  9.06 Mbits/sec   0.344 ms   79/  849 (9.3%)
[ 13] 12.0-13.0 sec  1.09 MBytes  9.11 Mbits/sec   0.357 ms   76/  851 (8.9%)
[ 13] 13.0-14.0 sec  1.08 MBytes  9.08 Mbits/sec   0.202 ms   78/  850 (9.2%)
[ 13] 14.0-15.0 sec  1.08 MBytes  9.09 Mbits/sec   0.189 ms   78/  851 (9.2%)
[ 13] 15.0-16.0 sec  1.06 MBytes  8.86 Mbits/sec   0.113 ms   97/  850 (11%)
[ 13] 16.0-17.0 sec  1.09 MBytes  9.11 Mbits/sec   0.199 ms   74/  849 (8.7%)
[ 13] 17.0-18.0 sec  1.09 MBytes  9.16 Mbits/sec   0.357 ms   72/  851 (8.5%)
[ 13] 18.0-19.0 sec  1.07 MBytes  8.98 Mbits/sec   0.407 ms   86/  850 (10%)
[ 13] 19.0-20.0 sec  1.06 MBytes  8.93 Mbits/sec   0.169 ms   91/  850 (11%)
[ 13] 20.0-21.0 sec  1.07 MBytes  8.96 Mbits/sec   0.100 ms   88/  850 (10%)
[ 13] 21.0-22.0 sec  1.09 MBytes  9.11 Mbits/sec   0.349 ms   77/  852 (9%)
[ 13] 22.0-23.0 sec  1.10 MBytes  9.20 Mbits/sec   0.165 ms   68/  850 (8%)
[ 13] 23.0-24.0 sec  1.04 MBytes  8.70 Mbits/sec   1.676 ms   79/  819 (9.6%)
[ 13]  0.0-25.0 sec  26.8 MBytes  8.99 Mbits/sec   0.702 ms 2159/21259 (10%)
[ 13]  0.0-25.0 sec  1 datagrams received out-of-order
